                                 Started job on |	Nov 08 02:44:26
                             Started mapping on |	Nov 08 02:44:37
                                    Finished on |	Nov 08 03:39:30
       Mapping speed, Million of reads per hour |	25.52

                          Number of input reads |	23346230
                      Average input read length |	297
                                    UNIQUE READS:
                   Uniquely mapped reads number |	18733990
                        Uniquely mapped reads % |	80.24%
                          Average mapped length |	296.30
                       Number of splices: Total |	14054221
            Number of splices: Annotated (sjdb) |	13825024
                       Number of splices: GT/AG |	13836613
                       Number of splices: GC/AG |	162505
                       Number of splices: AT/AC |	12667
               Number of splices: Non-canonical |	42436
                      Mismatch rate per base, % |	0.31%
                         Deletion rate per base |	0.03%
                        Deletion average length |	2.61
                        Insertion rate per base |	0.02%
                       Insertion average length |	2.13
                             MULTI-MAPPING READS:
        Number of reads mapped to multiple loci |	543041
             % of reads mapped to multiple loci |	2.33%
        Number of reads mapped to too many loci |	217107
             % of reads mapped to too many loci |	0.93%
                                  UNMAPPED READS:
       % of reads unmapped: too many mismatches |	0.00%
                 % of reads unmapped: too short |	16.47%
                     % of reads unmapped: other |	0.03%
                                  CHIMERIC READS:
                       Number of chimeric reads |	0
                            % of chimeric reads |	0.00%
