           Time    Speed        Read     Read   Mapped   Mapped   Mapped   Mapped Unmapped Unmapped Unmapped Unmapped
                    M/hr      number   length   unique   length   MMrate    multi   multi+       MM    short    other
Nov 08 02:46:21      3.2       91779      297    80.5%    296.3     0.3%     2.3%     1.0%     0.0%    16.2%     0.0%
Nov 08 02:48:02     14.5      826782      297    80.1%    296.2     0.3%     2.3%     0.9%     0.0%    16.6%     0.0%
Nov 08 02:49:39     18.6     1557680      297    80.2%    296.3     0.3%     2.3%     0.9%     0.0%    16.6%     0.0%
Nov 08 02:51:13     20.8     2287605      297    80.2%    296.3     0.3%     2.3%     0.9%     0.0%    16.5%     0.0%
Nov 08 02:52:54     21.9     3017486      297    80.2%    296.3     0.3%     2.3%     0.9%     0.0%    16.5%     0.0%
Nov 08 02:54:29     22.8     3747345      297    80.3%    296.3     0.3%     2.3%     0.9%     0.0%    16.5%     0.0%
Nov 08 02:56:10     23.3     4477170      297    80.3%    296.3     0.3%     2.3%     0.9%     0.0%    16.4%     0.0%
Nov 08 02:57:45     23.8     5206953      297    80.3%    296.3     0.3%     2.3%     0.9%     0.0%    16.4%     0.0%
Nov 08 02:59:26     24.0     5936833      297    80.3%    296.3     0.3%     2.3%     0.9%     0.0%    16.4%     0.0%
Nov 08 03:01:09     24.2     6666608      297    80.3%    296.3     0.3%     2.3%     0.9%     0.0%    16.4%     0.0%
Nov 08 03:02:51     24.3     7396437      297    80.3%    296.3     0.3%     2.3%     0.9%     0.0%    16.4%     0.0%
Nov 08 03:04:24     24.6     8126275      297    80.3%    296.3     0.3%     2.3%     0.9%     0.0%    16.4%     0.0%
Nov 08 03:05:29     25.2     8764815      297    80.3%    296.3     0.3%     2.3%     0.9%     0.0%    16.4%     0.0%
Nov 08 03:06:52     25.1     9312245      297    80.3%    296.3     0.3%     2.3%     0.9%     0.0%    16.4%     0.0%
Nov 08 03:08:02     25.3     9859682      297    80.3%    296.3     0.3%     2.3%     0.9%     0.0%    16.4%     0.0%
Nov 08 03:09:25     25.0    10313956      297    80.3%    296.3     0.3%     2.3%     0.9%     0.0%    16.4%     0.0%
Nov 08 03:10:49     25.1    10948805      297    80.3%    296.3     0.3%     2.3%     0.9%     0.0%    16.4%     0.0%
Nov 08 03:11:49     25.4    11493004      297    80.3%    296.3     0.3%     2.3%     0.9%     0.0%    16.4%     0.0%
Nov 08 03:13:03     25.2    11946499      297    80.3%    296.3     0.3%     2.3%     0.9%     0.0%    16.4%     0.0%
Nov 08 03:14:23     25.0    12399836      297    80.3%    296.3     0.3%     2.3%     0.9%     0.0%    16.4%     0.0%
Nov 08 03:15:30     25.3    13034559      297    80.3%    296.3     0.3%     2.3%     0.9%     0.0%    16.5%     0.0%
Nov 08 03:16:36     25.5    13578545      297    80.2%    296.3     0.3%     2.3%     0.9%     0.0%    16.5%     0.0%
Nov 08 03:17:41     25.1    13850566      297    80.2%    296.3     0.3%     2.3%     0.9%     0.0%    16.5%     0.0%
Nov 08 03:19:15     25.3    14575949      297    80.2%    296.3     0.3%     2.3%     0.9%     0.0%    16.5%     0.0%
Nov 08 03:20:52     25.3    15301290      297    80.2%    296.3     0.3%     2.3%     0.9%     0.0%    16.5%     0.0%
Nov 08 03:22:26     25.4    16026684      297    80.2%    296.3     0.3%     2.3%     0.9%     0.0%    16.5%     0.0%
Nov 08 03:23:26     25.8    16661454      297    80.2%    296.3     0.3%     2.3%     0.9%     0.0%    16.5%     0.0%
Nov 08 03:24:26     25.7    17024144      297    80.2%    296.3     0.3%     2.3%     0.9%     0.0%    16.5%     0.0%
Nov 08 03:25:34     25.6    17477507      297    80.2%    296.3     0.3%     2.3%     0.9%     0.0%    16.5%     0.0%
Nov 08 03:26:35     25.9    18112303      297    80.2%    296.3     0.3%     2.3%     0.9%     0.0%    16.5%     0.0%
Nov 08 03:27:42     25.9    18565709      297    80.3%    296.3     0.3%     2.3%     0.9%     0.0%    16.5%     0.0%
Nov 08 03:28:46     25.7    18928395      297    80.3%    296.3     0.3%     2.3%     0.9%     0.0%    16.5%     0.0%
Nov 08 03:30:19     25.8    19653727      297    80.3%    296.3     0.3%     2.3%     0.9%     0.0%    16.5%     0.0%
Nov 08 03:31:52     25.9    20379075      297    80.3%    296.3     0.3%     2.3%     0.9%     0.0%    16.5%     0.0%
Nov 08 03:33:26     25.9    21104427      297    80.3%    296.3     0.3%     2.3%     0.9%     0.0%    16.5%     0.0%
Nov 08 03:34:26     26.2    21739093      297    80.3%    296.3     0.3%     2.3%     0.9%     0.0%    16.5%     0.0%
Nov 08 03:35:28     26.1    22101834      297    80.2%    296.3     0.3%     2.3%     0.9%     0.0%    16.5%     0.0%
Nov 08 03:36:37     26.0    22555208      297    80.2%    296.3     0.3%     2.3%     0.9%     0.0%    16.5%     0.0%
Nov 08 03:37:37     26.3    23189817      297    80.2%    296.3     0.3%     2.3%     0.9%     0.0%    16.5%     0.0%
Nov 08 03:39:30     25.5    23346230      297    80.2%    296.3     0.3%     2.3%     0.9%     0.0%    16.5%     0.0%
ALL DONE!
