           Time    Speed        Read     Read   Mapped   Mapped   Mapped   Mapped Unmapped Unmapped Unmapped Unmapped
                    M/hr      number   length   unique   length   MMrate    multi   multi+       MM    short    other
Nov 08 00:40:38      4.2       91675      298    81.0%    296.5     0.3%     3.3%     1.7%     0.0%    14.0%     0.0%
Nov 08 00:41:53     19.4      825940      298    81.2%    296.4     0.3%     3.3%     1.6%     0.0%    13.9%     0.0%
Nov 08 00:43:09     24.5     1556153      298    81.2%    296.5     0.3%     3.3%     1.6%     0.0%    13.9%     0.0%
Nov 08 00:44:23     27.2     2285286      298    81.3%    296.5     0.3%     3.3%     1.6%     0.0%    13.8%     0.0%
Nov 08 00:45:38     28.7     3014405      298    81.3%    296.5     0.3%     3.3%     1.6%     0.0%    13.8%     0.0%
Nov 08 00:46:51     29.9     3743569      298    81.3%    296.5     0.3%     3.3%     1.6%     0.0%    13.8%     0.0%
Nov 08 00:48:05     30.7     4472632      298    81.3%    296.5     0.3%     3.3%     1.6%     0.0%    13.8%     0.0%
Nov 08 00:49:20     31.2     5201712      298    81.3%    296.5     0.3%     3.3%     1.6%     0.0%    13.8%     0.0%
Nov 08 00:50:35     31.6     5930779      298    81.3%    296.5     0.3%     3.3%     1.6%     0.0%    13.8%     0.0%
Nov 08 00:51:50     32.0     6659885      298    81.3%    296.5     0.3%     3.3%     1.6%     0.0%    13.8%     0.0%
Nov 08 00:53:07     32.2     7389068      298    81.2%    296.5     0.3%     3.3%     1.6%     0.0%    13.8%     0.0%
Nov 08 00:54:19     32.5     8118219      298    81.2%    296.5     0.3%     3.3%     1.6%     0.0%    13.8%     0.0%
Nov 08 00:55:32     32.8     8847405      298    81.2%    296.5     0.3%     3.3%     1.6%     0.0%    13.9%     0.0%
Nov 08 00:56:46     33.0     9576526      298    81.2%    296.5     0.3%     3.3%     1.6%     0.0%    13.9%     0.0%
Nov 08 00:57:59     33.1    10303949      298    81.2%    296.5     0.3%     3.3%     1.6%     0.0%    13.8%     0.0%
Nov 08 00:59:15     33.2    11028698      298    81.2%    296.5     0.3%     3.3%     1.6%     0.0%    13.9%     0.0%
Nov 08 01:00:30     33.3    11753429      298    81.2%    296.5     0.3%     3.3%     1.6%     0.0%    13.9%     0.0%
Nov 08 01:01:45     33.4    12478142      298    81.2%    296.5     0.3%     3.3%     1.6%     0.0%    13.9%     0.0%
Nov 08 01:02:59     33.5    13202881      298    81.2%    296.5     0.3%     3.3%     1.6%     0.0%    13.9%     0.0%
Nov 08 01:04:15     33.5    13927495      298    81.2%    296.5     0.3%     3.3%     1.6%     0.0%    13.9%     0.0%
Nov 08 01:05:30     33.6    14652232      298    81.2%    296.5     0.3%     3.3%     1.6%     0.0%    13.9%     0.0%
Nov 08 01:06:47     33.6    15376888      298    81.2%    296.5     0.3%     3.3%     1.6%     0.0%    13.9%     0.0%
Nov 08 01:08:02     33.7    16101604      298    81.2%    296.5     0.3%     3.3%     1.6%     0.0%    13.9%     0.0%
Nov 08 01:09:18     33.7    16826293      298    81.2%    296.5     0.3%     3.3%     1.6%     0.0%    13.9%     0.0%
Nov 08 01:10:36     33.7    17550989      298    81.2%    296.5     0.3%     3.3%     1.6%     0.0%    13.9%     0.0%
Nov 08 01:11:52     33.7    18275693      298    81.2%    296.5     0.3%     3.3%     1.6%     0.0%    13.9%     0.0%
Nov 08 01:13:09     33.7    19000345      298    81.2%    296.5     0.3%     3.3%     1.6%     0.0%    13.9%     0.0%
Nov 08 01:14:26     33.7    19725072      298    81.2%    296.5     0.3%     3.3%     1.6%     0.0%    13.9%     0.0%
Nov 08 01:15:38     33.8    20445757      298    81.2%    296.5     0.3%     3.3%     1.6%     0.0%    13.9%     0.0%
Nov 08 01:16:57     32.6    20445757      298    81.2%    296.5     0.3%     3.3%     1.6%     0.0%    13.9%     0.0%
ALL DONE!
