                                 Started job on |	Nov 08 00:39:12
                             Started mapping on |	Nov 08 00:39:20
                                    Finished on |	Nov 08 01:16:57
       Mapping speed, Million of reads per hour |	32.61

                          Number of input reads |	20445757
                      Average input read length |	298
                                    UNIQUE READS:
                   Uniquely mapped reads number |	16601268
                        Uniquely mapped reads % |	81.20%
                          Average mapped length |	296.53
                       Number of splices: Total |	11207465
            Number of splices: Annotated (sjdb) |	11033459
                       Number of splices: GT/AG |	11029644
                       Number of splices: GC/AG |	125635
                       Number of splices: AT/AC |	11996
               Number of splices: Non-canonical |	40190
                      Mismatch rate per base, % |	0.33%
                         Deletion rate per base |	0.04%
                        Deletion average length |	2.75
                        Insertion rate per base |	0.02%
                       Insertion average length |	2.23
                             MULTI-MAPPING READS:
        Number of reads mapped to multiple loci |	673209
             % of reads mapped to multiple loci |	3.29%
        Number of reads mapped to too many loci |	330464
             % of reads mapped to too many loci |	1.62%
                                  UNMAPPED READS:
       % of reads unmapped: too many mismatches |	0.00%
                 % of reads unmapped: too short |	13.87%
                     % of reads unmapped: other |	0.02%
                                  CHIMERIC READS:
                       Number of chimeric reads |	0
                            % of chimeric reads |	0.00%
