                                 Started job on |	Nov 08 05:21:53
                             Started mapping on |	Nov 08 05:21:56
                                    Finished on |	Nov 08 07:23:18
       Mapping speed, Million of reads per hour |	13.03

                          Number of input reads |	26347683
                      Average input read length |	297
                                    UNIQUE READS:
                   Uniquely mapped reads number |	16225696
                        Uniquely mapped reads % |	61.58%
                          Average mapped length |	296.01
                       Number of splices: Total |	10611796
            Number of splices: Annotated (sjdb) |	10424312
                       Number of splices: GT/AG |	10439678
                       Number of splices: GC/AG |	126174
                       Number of splices: AT/AC |	9521
               Number of splices: Non-canonical |	36423
                      Mismatch rate per base, % |	0.31%
                         Deletion rate per base |	0.04%
                        Deletion average length |	2.61
                        Insertion rate per base |	0.03%
                       Insertion average length |	2.10
                             MULTI-MAPPING READS:
        Number of reads mapped to multiple loci |	607569
             % of reads mapped to multiple loci |	2.31%
        Number of reads mapped to too many loci |	202791
             % of reads mapped to too many loci |	0.77%
                                  UNMAPPED READS:
       % of reads unmapped: too many mismatches |	0.00%
                 % of reads unmapped: too short |	35.29%
                     % of reads unmapped: other |	0.05%
                                  CHIMERIC READS:
                       Number of chimeric reads |	0
                            % of chimeric reads |	0.00%
