           Time    Speed        Read     Read   Mapped   Mapped   Mapped   Mapped Unmapped Unmapped Unmapped Unmapped
                    M/hr      number   length   unique   length   MMrate    multi   multi+       MM    short    other
Nov 08 05:25:18      1.6       91862      297    61.4%    295.9     0.3%     2.3%     0.8%     0.0%    35.5%     0.0%
Nov 08 05:28:41      7.3      826441      297    61.5%    295.9     0.3%     2.3%     0.8%     0.0%    35.4%     0.1%
Nov 08 05:31:57      9.3     1558220      297    61.5%    295.9     0.3%     2.3%     0.8%     0.0%    35.4%     0.0%
Nov 08 05:35:17     10.3     2288371      297    61.5%    295.9     0.3%     2.3%     0.8%     0.0%    35.4%     0.0%
Nov 08 05:38:34     10.9     3018413      297    61.5%    295.9     0.3%     2.3%     0.8%     0.0%    35.4%     0.0%
Nov 08 05:41:51     11.3     3748526      297    61.5%    296.0     0.3%     2.3%     0.8%     0.0%    35.4%     0.0%
Nov 08 05:45:11     11.6     4478658      297    61.5%    296.0     0.3%     2.3%     0.8%     0.0%    35.4%     0.0%
Nov 08 05:48:31     11.8     5208775      297    61.5%    296.0     0.3%     2.3%     0.8%     0.0%    35.4%     0.0%
Nov 08 05:51:50     11.9     5938874      297    61.5%    296.0     0.3%     2.3%     0.8%     0.0%    35.3%     0.0%
Nov 08 05:55:14     12.0     6669017      297    61.6%    296.0     0.3%     2.3%     0.8%     0.0%    35.3%     0.0%
Nov 08 05:58:29     12.1     7399086      297    61.6%    296.0     0.3%     2.3%     0.8%     0.0%    35.3%     0.0%
Nov 08 06:01:45     12.2     8129204      297    61.6%    296.0     0.3%     2.3%     0.8%     0.0%    35.3%     0.0%
Nov 08 06:04:56     12.4     8859427      297    61.6%    296.0     0.3%     2.3%     0.8%     0.0%    35.3%     0.0%
Nov 08 06:08:13     12.4     9589528      297    61.6%    296.0     0.3%     2.3%     0.8%     0.0%    35.3%     0.0%
Nov 08 06:11:28     12.5    10317765      297    61.6%    296.0     0.3%     2.3%     0.8%     0.0%    35.3%     0.0%
Nov 08 06:14:44     12.5    11043539      297    61.6%    296.0     0.3%     2.3%     0.8%     0.0%    35.3%     0.0%
Nov 08 06:18:00     12.6    11769400      297    61.6%    296.0     0.3%     2.3%     0.8%     0.0%    35.3%     0.0%
Nov 08 06:21:12     12.6    12495229      297    61.6%    296.0     0.3%     2.3%     0.8%     0.0%    35.3%     0.0%
Nov 08 06:24:30     12.7    13221111      297    61.6%    296.0     0.3%     2.3%     0.8%     0.0%    35.3%     0.0%
Nov 08 06:27:47     12.7    13946781      297    61.6%    296.0     0.3%     2.3%     0.8%     0.0%    35.3%     0.0%
Nov 08 06:28:48     13.0    14491016      297    61.6%    296.0     0.3%     2.3%     0.8%     0.0%    35.3%     0.0%
Nov 08 06:31:08     12.7    14672435      297    61.6%    296.0     0.3%     2.3%     0.8%     0.0%    35.3%     0.0%
Nov 08 06:32:10     13.0    15216728      297    61.6%    296.0     0.3%     2.3%     0.8%     0.0%    35.3%     0.0%
Nov 08 06:34:26     12.7    15398139      297    61.6%    296.0     0.3%     2.3%     0.8%     0.0%    35.3%     0.0%
Nov 08 06:35:30     13.0    15942404      297    61.6%    296.0     0.3%     2.3%     0.8%     0.0%    35.3%     0.0%
Nov 08 06:37:42     12.8    16123825      297    61.6%    296.0     0.3%     2.3%     0.8%     0.0%    35.3%     0.0%
Nov 08 06:38:42     13.0    16577359      297    61.6%    296.0     0.3%     2.3%     0.8%     0.0%    35.3%     0.0%
Nov 08 06:40:51     12.8    16849473      297    61.6%    296.0     0.3%     2.3%     0.8%     0.0%    35.3%     0.0%
Nov 08 06:41:56     13.0    17303031      297    61.6%    296.0     0.3%     2.3%     0.8%     0.0%    35.3%     0.0%
Nov 08 06:44:02     12.8    17575166      297    61.6%    296.0     0.3%     2.3%     0.8%     0.0%    35.3%     0.0%
Nov 08 06:45:07     13.0    18028695      297    61.6%    296.0     0.3%     2.3%     0.8%     0.0%    35.3%     0.0%
Nov 08 06:47:07     12.9    18300838      297    61.6%    296.0     0.3%     2.3%     0.8%     0.0%    35.3%     0.0%
Nov 08 06:48:09     13.0    18663666      297    61.6%    296.0     0.3%     2.3%     0.8%     0.0%    35.3%     0.0%
Nov 08 06:50:22     12.9    19026472      297    61.6%    296.0     0.3%     2.3%     0.8%     0.0%    35.3%     0.0%
Nov 08 06:51:31     13.0    19480029      297    61.6%    296.0     0.3%     2.3%     0.8%     0.0%    35.3%     0.0%
Nov 08 06:53:23     13.0    19752168      297    61.6%    296.0     0.3%     2.3%     0.8%     0.0%    35.3%     0.0%
Nov 08 06:54:25     13.0    20024262      297    61.6%    296.0     0.3%     2.3%     0.8%     0.0%    35.3%     0.0%
Nov 08 06:56:32     13.0    20477786      297    61.6%    296.0     0.3%     2.3%     0.8%     0.0%    35.3%     0.0%
Nov 08 06:57:38     13.0    20659211      297    61.6%    296.0     0.3%     2.3%     0.8%     0.0%    35.3%     0.0%
Nov 08 06:59:42     13.0    21203442      297    61.6%    296.0     0.3%     2.3%     0.8%     0.0%    35.3%     0.0%
Nov 08 07:00:48     13.0    21384888      297    61.6%    296.0     0.3%     2.3%     0.8%     0.0%    35.3%     0.0%
Nov 08 07:02:48     13.0    21929160      297    61.6%    296.0     0.3%     2.3%     0.8%     0.0%    35.3%     0.0%
Nov 08 07:03:52     13.0    22019885      297    61.6%    296.0     0.3%     2.3%     0.8%     0.0%    35.3%     0.0%
Nov 08 07:05:52     13.1    22654890      297    61.6%    296.0     0.3%     2.3%     0.8%     0.0%    35.3%     0.0%
Nov 08 07:07:01     13.0    22745586      297    61.6%    296.0     0.3%     2.3%     0.8%     0.0%    35.3%     0.0%
Nov 08 07:09:02     13.1    23380491      297    61.6%    296.0     0.3%     2.3%     0.8%     0.0%    35.3%     0.0%
Nov 08 07:10:12     13.0    23471211      297    61.6%    296.0     0.3%     2.3%     0.8%     0.0%    35.3%     0.0%
Nov 08 07:12:12     13.1    24106169      297    61.6%    296.0     0.3%     2.3%     0.8%     0.0%    35.3%     0.0%
Nov 08 07:13:22     13.0    24196912      297    61.6%    296.0     0.3%     2.3%     0.8%     0.0%    35.3%     0.0%
Nov 08 07:15:26     13.1    24831917      297    61.6%    296.0     0.3%     2.3%     0.8%     0.0%    35.3%     0.0%
Nov 08 07:16:41     13.0    24922629      297    61.6%    296.0     0.3%     2.3%     0.8%     0.0%    35.3%     0.0%
Nov 08 07:18:43     13.1    25557617      297    61.6%    296.0     0.3%     2.3%     0.8%     0.0%    35.3%     0.0%
Nov 08 07:19:59     13.0    25648347      297    61.6%    296.0     0.3%     2.3%     0.8%     0.0%    35.3%     0.0%
Nov 08 07:21:51     13.2    26283362      297    61.6%    296.0     0.3%     2.3%     0.8%     0.0%    35.3%     0.0%
Nov 08 07:23:18     13.0    26347683      297    61.6%    296.0     0.3%     2.3%     0.8%     0.0%    35.3%     0.0%
ALL DONE!
