           Time    Speed        Read     Read   Mapped   Mapped   Mapped   Mapped Unmapped Unmapped Unmapped Unmapped
                    M/hr      number   length   unique   length   MMrate    multi   multi+       MM    short    other
Nov 08 03:56:10      2.2       91830      297    71.0%    295.9     0.3%     2.2%     0.9%     0.0%    25.9%     0.0%
Nov 08 03:58:40     10.0      827169      297    70.7%    295.9     0.3%     2.2%     0.9%     0.0%    26.2%     0.0%
Nov 08 04:01:07     12.6     1558456      297    70.7%    295.9     0.3%     2.2%     0.9%     0.0%    26.1%     0.0%
Nov 08 04:03:39     13.8     2288737      297    70.8%    295.9     0.3%     2.2%     0.9%     0.0%    26.1%     0.0%
Nov 08 04:06:07     14.6     3018949      297    70.8%    296.0     0.3%     2.2%     0.9%     0.0%    26.1%     0.0%
Nov 08 04:08:38     15.1     3749195      297    70.8%    296.0     0.3%     2.2%     0.9%     0.0%    26.1%     0.0%
Nov 08 04:11:09     15.4     4479468      297    70.8%    296.0     0.3%     2.2%     0.9%     0.0%    26.1%     0.0%
Nov 08 04:13:35     15.7     5209667      297    70.8%    296.0     0.3%     2.2%     0.9%     0.0%    26.1%     0.0%
Nov 08 04:15:58     16.0     5939929      297    70.8%    296.0     0.3%     2.2%     0.9%     0.0%    26.0%     0.0%
Nov 08 04:18:24     16.2     6670160      297    70.8%    296.0     0.3%     2.2%     0.9%     0.0%    26.0%     0.0%
Nov 08 04:20:51     16.4     7400356      297    70.8%    296.0     0.3%     2.2%     0.9%     0.0%    26.0%     0.0%
Nov 08 04:23:18     16.5     8130576      297    70.8%    296.0     0.3%     2.2%     0.9%     0.0%    26.0%     0.0%
Nov 08 04:24:19     17.2     8769599      297    70.8%    296.0     0.3%     2.2%     0.9%     0.0%    26.0%     0.0%
Nov 08 04:25:46     16.6     8860865      297    70.8%    296.0     0.3%     2.2%     0.9%     0.0%    26.1%     0.0%
Nov 08 04:26:52     17.2     9499819      297    70.8%    296.0     0.3%     2.2%     0.9%     0.0%    26.0%     0.0%
Nov 08 04:28:11     16.7     9591098      297    70.8%    296.0     0.3%     2.2%     0.9%     0.0%    26.0%     0.0%
Nov 08 04:29:14     17.3    10228727      297    70.8%    296.0     0.3%     2.2%     0.9%     0.0%    26.0%     0.0%
Nov 08 04:30:34     16.8    10319462      297    70.8%    296.0     0.3%     2.2%     0.9%     0.0%    26.0%     0.0%
Nov 08 04:31:44     17.3    10954716      297    70.8%    296.0     0.3%     2.2%     0.9%     0.0%    26.0%     0.0%
Nov 08 04:33:01     16.9    11045471      297    70.8%    296.0     0.3%     2.2%     0.9%     0.0%    26.0%     0.0%
Nov 08 04:34:15     17.3    11680525      297    70.8%    296.0     0.3%     2.2%     0.9%     0.0%    26.0%     0.0%
Nov 08 04:35:25     16.9    11771255      297    70.8%    296.0     0.3%     2.2%     0.9%     0.0%    26.0%     0.0%
Nov 08 04:36:44     17.3    12406485      297    70.8%    296.0     0.3%     2.2%     0.9%     0.0%    26.0%     0.0%
Nov 08 04:37:51     17.0    12497226      297    70.8%    296.0     0.3%     2.2%     0.9%     0.0%    26.0%     0.0%
Nov 08 04:39:12     17.3    13132275      297    70.8%    296.0     0.3%     2.2%     0.9%     0.0%    26.0%     0.0%
Nov 08 04:40:19     17.0    13223015      297    70.8%    296.0     0.3%     2.2%     0.9%     0.0%    26.0%     0.0%
Nov 08 04:41:42     17.3    13858082      297    70.8%    296.0     0.3%     2.2%     0.9%     0.0%    26.0%     0.0%
Nov 08 04:42:46     17.1    13948818      297    70.8%    296.0     0.3%     2.2%     0.9%     0.0%    26.1%     0.0%
Nov 08 04:44:11     17.3    14583833      297    70.8%    296.0     0.3%     2.2%     0.9%     0.0%    26.1%     0.0%
Nov 08 04:45:12     17.2    14765285      297    70.8%    296.0     0.3%     2.2%     0.9%     0.0%    26.1%     0.0%
Nov 08 04:46:42     17.3    15309610      297    70.8%    296.0     0.3%     2.2%     0.9%     0.0%    26.1%     0.0%
Nov 08 04:47:42     17.3    15581778      297    70.8%    296.0     0.3%     2.2%     0.9%     0.0%    26.1%     0.0%
Nov 08 04:49:13     17.3    16035361      297    70.8%    296.0     0.3%     2.2%     0.9%     0.0%    26.1%     0.0%
Nov 08 04:50:13     17.5    16489009      297    70.8%    296.0     0.3%     2.2%     0.9%     0.0%    26.1%     0.0%
Nov 08 04:51:44     17.3    16761179      297    70.8%    296.0     0.3%     2.2%     0.9%     0.0%    26.1%     0.0%
Nov 08 04:52:58     17.6    17396291      297    70.8%    296.0     0.3%     2.2%     0.9%     0.0%    26.1%     0.0%
Nov 08 04:54:15     17.3    17487028      297    70.8%    296.0     0.3%     2.2%     0.9%     0.0%    26.1%     0.0%
Nov 08 04:55:27     17.6    18122129      297    70.8%    296.0     0.3%     2.2%     0.9%     0.0%    26.1%     0.0%
Nov 08 04:56:47     17.3    18212834      297    70.8%    296.0     0.3%     2.2%     0.9%     0.0%    26.1%     0.0%
Nov 08 04:57:49     17.6    18847949      297    70.8%    296.0     0.3%     2.2%     0.9%     0.0%    26.0%     0.0%
Nov 08 04:59:14     17.3    18938662      297    70.8%    296.0     0.3%     2.2%     0.9%     0.0%    26.0%     0.0%
Nov 08 05:01:47     17.3    19664415      297    70.8%    296.0     0.3%     2.2%     0.9%     0.0%    26.0%     0.0%
Nov 08 05:04:17     17.3    20390230      297    70.8%    296.0     0.3%     2.2%     0.9%     0.0%    26.0%     0.0%
Nov 08 05:06:50     17.3    21116043      297    70.8%    296.0     0.3%     2.2%     0.9%     0.0%    26.0%     0.0%
Nov 08 05:09:19     17.3    21841772      297    70.8%    296.0     0.3%     2.2%     0.9%     0.0%    26.0%     0.0%
Nov 08 05:11:51     17.3    22567514      297    70.8%    296.0     0.3%     2.2%     0.9%     0.0%    26.0%     0.0%
Nov 08 05:14:19     17.3    23293356      297    70.8%    296.0     0.3%     2.2%     0.9%     0.0%    26.0%     0.0%
Nov 08 05:16:56     17.3    24019187      297    70.8%    296.0     0.3%     2.2%     0.9%     0.0%    26.0%     0.0%
Nov 08 05:18:29     17.5    24702852      297    70.8%    296.0     0.3%     2.2%     0.9%     0.0%    26.0%     0.0%
Nov 08 05:19:33     17.5    24975036      297    70.8%    296.0     0.3%     2.2%     0.9%     0.0%    26.0%     0.0%
Nov 08 05:20:51     17.3    25065760      297    70.8%    296.0     0.3%     2.2%     0.9%     0.0%    26.0%     0.0%
ALL DONE!
