           Time    Speed        Read     Read   Mapped   Mapped   Mapped   Mapped Unmapped Unmapped Unmapped Unmapped
                    M/hr      number   length   unique   length   MMrate    multi   multi+       MM    short    other
Nov 09 01:20:26      1.9       91725      298    64.4%    296.4     0.3%     3.7%     1.4%     0.0%    30.4%     0.1%
Nov 09 01:23:18      8.6      826053      298    64.4%    296.4     0.3%     3.6%     1.5%     0.0%    30.5%     0.1%
Nov 09 01:26:08     10.9     1556468      298    64.4%    296.5     0.3%     3.6%     1.5%     0.0%    30.4%     0.0%
Nov 09 01:28:48     12.2     2285849      298    64.5%    296.4     0.3%     3.6%     1.5%     0.0%    30.4%     0.0%
Nov 09 01:31:31     12.9     3015124      298    64.4%    296.5     0.3%     3.6%     1.5%     0.0%    30.4%     0.0%
Nov 09 01:34:18     13.4     3744507      298    64.5%    296.5     0.3%     3.6%     1.5%     0.0%    30.4%     0.0%
Nov 09 01:37:01     13.8     4473820      298    64.5%    296.5     0.3%     3.6%     1.5%     0.0%    30.4%     0.0%
Nov 09 01:39:45     14.1     5203208      298    64.5%    296.5     0.3%     3.6%     1.5%     0.0%    30.4%     0.0%
Nov 09 01:42:30     14.3     5932550      298    64.5%    296.5     0.3%     3.6%     1.5%     0.0%    30.4%     0.0%
Nov 09 01:45:18     14.4     6661838      298    64.5%    296.5     0.3%     3.6%     1.5%     0.0%    30.4%     0.0%
Nov 09 01:46:21     15.2     7300036      298    64.5%    296.5     0.3%     3.6%     1.5%     0.0%    30.4%     0.0%
Nov 09 01:48:03     14.5     7391194      298    64.5%    296.5     0.3%     3.6%     1.5%     0.0%    30.4%     0.0%
Nov 09 01:49:12     15.2     8029345      298    64.5%    296.5     0.3%     3.6%     1.5%     0.0%    30.3%     0.0%
Nov 09 01:50:51     14.6     8120511      298    64.5%    296.5     0.3%     3.6%     1.5%     0.0%    30.3%     0.0%
Nov 09 01:52:09     15.2     8758693      298    64.5%    296.5     0.3%     3.6%     1.5%     0.0%    30.3%     0.0%
Nov 09 01:53:34     14.7     8849883      298    64.5%    296.5     0.3%     3.6%     1.5%     0.0%    30.3%     0.0%
Nov 09 01:55:06     15.2     9488065      298    64.5%    296.5     0.3%     3.6%     1.5%     0.0%    30.3%     0.0%
Nov 09 01:56:17     14.8     9579249      298    64.5%    296.5     0.3%     3.6%     1.5%     0.0%    30.3%     0.0%
Nov 09 01:57:59     15.2    10216183      298    64.5%    296.5     0.3%     3.6%     1.5%     0.0%    30.3%     0.0%
Nov 09 01:58:59     14.9    10306833      298    64.5%    296.5     0.3%     3.6%     1.5%     0.0%    30.3%     0.0%
Nov 09 02:00:57     15.1    10941317      298    64.5%    296.5     0.3%     3.6%     1.5%     0.0%    30.3%     0.0%
Nov 09 02:01:57     15.1    11213240      298    64.5%    296.5     0.3%     3.6%     1.5%     0.0%    30.3%     0.0%
Nov 09 02:03:53     15.1    11666332      298    64.5%    296.5     0.3%     3.6%     1.5%     0.0%    30.3%     0.0%
Nov 09 02:05:07     15.2    12028809      298    64.5%    296.5     0.3%     3.6%     1.5%     0.0%    30.4%     0.0%
Nov 09 02:06:51     15.1    12391265      298    64.5%    296.5     0.3%     3.6%     1.5%     0.0%    30.4%     0.0%
Nov 09 02:07:57     15.2    12753728      298    64.5%    296.5     0.3%     3.6%     1.5%     0.0%    30.4%     0.0%
Nov 09 02:09:40     15.1    13116251      298    64.5%    296.5     0.3%     3.6%     1.5%     0.0%    30.4%     0.0%
Nov 09 02:10:44     15.2    13478715      298    64.5%    296.5     0.3%     3.6%     1.5%     0.0%    30.4%     0.0%
Nov 09 02:12:23     15.1    13841200      298    64.5%    296.5     0.3%     3.6%     1.5%     0.0%    30.4%     0.0%
Nov 09 02:13:35     15.2    14203605      298    64.5%    296.5     0.3%     3.6%     1.5%     0.0%    30.4%     0.0%
Nov 09 02:15:06     15.2    14566077      298    64.5%    296.5     0.3%     3.6%     1.5%     0.0%    30.4%     0.0%
Nov 09 02:16:23     15.2    14928536      298    64.5%    296.5     0.3%     3.6%     1.5%     0.0%    30.4%     0.0%
Nov 09 02:17:47     15.2    15291005      298    64.5%    296.5     0.3%     3.6%     1.5%     0.0%    30.4%     0.0%
Nov 09 02:19:09     15.2    15653474      298    64.5%    296.5     0.3%     3.6%     1.5%     0.0%    30.4%     0.0%
Nov 09 02:20:31     15.3    16015948      298    64.5%    296.5     0.3%     3.6%     1.5%     0.0%    30.4%     0.0%
Nov 09 02:21:58     15.3    16378406      298    64.5%    296.5     0.3%     3.6%     1.5%     0.0%    30.4%     0.0%
Nov 09 02:23:13     15.3    16740853      298    64.5%    296.5     0.3%     3.6%     1.5%     0.0%    30.4%     0.0%
Nov 09 02:24:46     15.3    17103371      298    64.5%    296.5     0.3%     3.6%     1.5%     0.0%    30.4%     0.0%
Nov 09 02:25:57     15.3    17465829      298    64.5%    296.5     0.3%     3.6%     1.5%     0.0%    30.4%     0.0%
Nov 09 02:26:59     15.3    17737660      298    64.5%    296.5     0.3%     3.6%     1.5%     0.0%    30.4%     0.0%
Nov 09 02:27:59     15.3    18009500      298    64.5%    296.5     0.3%     3.6%     1.5%     0.0%    30.4%     0.0%
Nov 09 02:29:04     15.4    18371981      298    64.5%    296.5     0.3%     3.6%     1.5%     0.0%    30.4%     0.0%
Nov 09 02:30:21     15.3    18553214      298    64.5%    296.5     0.3%     3.6%     1.5%     0.0%    30.4%     0.0%
Nov 09 02:31:26     15.4    18915728      298    64.5%    296.5     0.3%     3.6%     1.5%     0.0%    30.4%     0.0%
Nov 09 02:32:41     15.3    19187582      298    64.5%    296.5     0.3%     3.6%     1.5%     0.0%    30.4%     0.0%
Nov 09 02:34:13     15.4    19640658      298    64.5%    296.5     0.3%     3.6%     1.5%     0.0%    30.4%     0.0%
Nov 09 02:35:34     15.3    19912511      298    64.5%    296.5     0.3%     3.6%     1.5%     0.0%    30.4%     0.0%
Nov 09 02:37:00     15.4    20365557      298    64.5%    296.5     0.3%     3.6%     1.5%     0.0%    30.4%     0.0%
Nov 09 02:38:25     15.3    20637410      298    64.5%    296.5     0.3%     3.6%     1.5%     0.0%    30.4%     0.0%
Nov 09 02:39:46     15.4    21090532      298    64.5%    296.5     0.3%     3.6%     1.5%     0.0%    30.4%     0.0%
Nov 09 02:41:15     15.3    21362361      298    64.5%    296.5     0.3%     3.6%     1.5%     0.0%    30.4%     0.0%
Nov 09 02:42:33     15.4    21815469      298    64.5%    296.5     0.3%     3.6%     1.5%     0.0%    30.4%     0.0%
Nov 09 02:43:45     15.4    22080620      298    64.5%    296.5     0.3%     3.6%     1.5%     0.0%    30.4%     0.0%
Nov 09 02:46:27     15.0    22171225      298    64.5%    296.5     0.3%     3.6%     1.5%     0.0%    30.4%     0.0%
ALL DONE!
