                                 Started job on |	Nov 09 01:17:27
                             Started mapping on |	Nov 09 01:17:32
                                    Finished on |	Nov 09 02:46:27
       Mapping speed, Million of reads per hour |	14.96

                          Number of input reads |	22171225
                      Average input read length |	298
                                    UNIQUE READS:
                   Uniquely mapped reads number |	14300170
                        Uniquely mapped reads % |	64.50%
                          Average mapped length |	296.51
                       Number of splices: Total |	9914294
            Number of splices: Annotated (sjdb) |	9746632
                       Number of splices: GT/AG |	9761399
                       Number of splices: GC/AG |	114669
                       Number of splices: AT/AC |	9096
               Number of splices: Non-canonical |	29130
                      Mismatch rate per base, % |	0.29%
                         Deletion rate per base |	0.03%
                        Deletion average length |	2.54
                        Insertion rate per base |	0.02%
                       Insertion average length |	2.07
                             MULTI-MAPPING READS:
        Number of reads mapped to multiple loci |	800691
             % of reads mapped to multiple loci |	3.61%
        Number of reads mapped to too many loci |	328159
             % of reads mapped to too many loci |	1.48%
                                  UNMAPPED READS:
       % of reads unmapped: too many mismatches |	0.00%
                 % of reads unmapped: too short |	30.36%
                     % of reads unmapped: other |	0.05%
                                  CHIMERIC READS:
                       Number of chimeric reads |	0
                            % of chimeric reads |	0.00%
