           Time    Speed        Read     Read   Mapped   Mapped   Mapped   Mapped Unmapped Unmapped Unmapped Unmapped
                    M/hr      number   length   unique   length   MMrate    multi   multi+       MM    short    other
Nov 09 04:20:58      2.2       91797      297    69.1%    296.2     0.3%     2.7%     1.0%     0.0%    27.1%     0.0%
Nov 09 04:23:26      9.9      826278      297    69.0%    296.1     0.3%     2.8%     1.0%     0.0%    27.2%     0.1%
Nov 09 04:25:53     12.5     1557837      297    69.0%    296.2     0.3%     2.8%     1.0%     0.0%    27.2%     0.0%
Nov 09 04:28:18     13.9     2287783      297    69.0%    296.2     0.3%     2.8%     1.0%     0.0%    27.2%     0.0%
Nov 09 04:30:44     14.7     3017756      297    69.0%    296.2     0.3%     2.8%     1.0%     0.0%    27.2%     0.0%
Nov 09 04:33:09     15.3     3747672      297    69.0%    296.2     0.3%     2.8%     1.0%     0.0%    27.2%     0.0%
Nov 09 04:35:35     15.6     4477597      297    69.0%    296.2     0.3%     2.8%     1.0%     0.0%    27.1%     0.0%
Nov 09 04:38:01     15.9     5207451      297    69.0%    296.2     0.3%     2.8%     1.0%     0.0%    27.2%     0.0%
Nov 09 04:40:23     16.2     5937383      297    69.0%    296.2     0.3%     2.8%     1.0%     0.0%    27.1%     0.0%
Nov 09 04:42:46     16.4     6667338      297    69.0%    296.2     0.3%     2.8%     1.0%     0.0%    27.1%     0.0%
Nov 09 04:45:15     16.5     7397216      297    69.1%    296.2     0.3%     2.8%     1.0%     0.0%    27.1%     0.0%
Nov 09 04:47:41     16.7     8127128      297    69.1%    296.2     0.3%     2.8%     1.0%     0.0%    27.1%     0.0%
Nov 09 04:50:07     16.8     8857022      297    69.1%    296.2     0.3%     2.8%     1.0%     0.0%    27.1%     0.0%
Nov 09 04:52:35     16.8     9586922      297    69.1%    296.2     0.3%     2.8%     1.0%     0.0%    27.1%     0.0%
Nov 09 04:55:03     16.9    10314925      297    69.1%    296.2     0.3%     2.8%     1.0%     0.0%    27.1%     0.0%
Nov 09 04:57:27     17.0    11040524      297    69.1%    296.2     0.3%     2.8%     1.0%     0.0%    27.1%     0.0%
Nov 09 04:59:51     17.0    11766115      297    69.1%    296.2     0.3%     2.8%     1.0%     0.0%    27.1%     0.0%
Nov 09 05:02:16     17.1    12491701      297    69.1%    296.2     0.3%     2.8%     1.0%     0.0%    27.1%     0.0%
Nov 09 05:03:18     17.4    13035761      297    69.1%    296.2     0.3%     2.8%     1.0%     0.0%    27.1%     0.0%
Nov 09 05:04:43     17.1    13217106      297    69.1%    296.2     0.3%     2.8%     1.0%     0.0%    27.1%     0.0%
Nov 09 05:05:47     17.4    13761224      297    69.1%    296.2     0.3%     2.8%     1.0%     0.0%    27.1%     0.0%
Nov 09 05:07:11     17.2    13942602      297    69.0%    296.2     0.3%     2.8%     1.0%     0.0%    27.1%     0.0%
Nov 09 05:08:19     17.4    14486737      297    69.0%    296.2     0.3%     2.8%     1.0%     0.0%    27.1%     0.0%
Nov 09 05:09:30     17.2    14668118      297    69.0%    296.2     0.3%     2.8%     1.0%     0.0%    27.1%     0.0%
Nov 09 05:10:40     17.4    15121486      297    69.0%    296.2     0.3%     2.8%     1.0%     0.0%    27.1%     0.0%
Nov 09 05:11:51     17.3    15393533      297    69.0%    296.2     0.3%     2.8%     1.0%     0.0%    27.1%     0.0%
Nov 09 05:12:59     17.1    15574895      297    69.0%    296.2     0.3%     2.8%     1.0%     0.0%    27.1%     0.0%
Nov 09 05:14:15     17.3    16118987      297    69.0%    296.2     0.3%     2.8%     1.0%     0.0%    27.1%     0.0%
Nov 09 05:15:27     17.1    16300378      297    69.0%    296.2     0.3%     2.8%     1.0%     0.0%    27.1%     0.0%
Nov 09 05:16:44     17.3    16844509      297    69.0%    296.2     0.3%     2.8%     1.0%     0.0%    27.1%     0.0%
Nov 09 05:17:57     17.2    17025863      297    69.0%    296.2     0.3%     2.8%     1.0%     0.0%    27.1%     0.0%
Nov 09 05:19:06     17.4    17569947      297    69.0%    296.2     0.3%     2.8%     1.0%     0.0%    27.1%     0.0%
Nov 09 05:20:25     17.2    17751310      297    69.0%    296.2     0.3%     2.8%     1.0%     0.0%    27.1%     0.0%
Nov 09 05:21:32     17.4    18295422      297    69.0%    296.3     0.3%     2.8%     1.0%     0.0%    27.1%     0.0%
Nov 09 05:22:53     17.2    18476831      297    69.0%    296.2     0.3%     2.8%     1.0%     0.0%    27.1%     0.0%
Nov 09 05:23:55     17.4    19020928      297    69.0%    296.2     0.3%     2.8%     1.0%     0.0%    27.1%     0.0%
Nov 09 05:25:21     17.2    19202311      297    69.0%    296.2     0.3%     2.8%     1.0%     0.0%    27.1%     0.0%
Nov 09 05:26:22     17.4    19746371      297    69.0%    296.2     0.3%     2.8%     1.0%     0.0%    27.1%     0.0%
Nov 09 05:27:48     17.2    19927735      297    69.0%    296.2     0.3%     2.8%     1.0%     0.0%    27.1%     0.0%
Nov 09 05:28:52     17.4    20471858      297    69.0%    296.3     0.3%     2.8%     1.0%     0.0%    27.1%     0.0%
Nov 09 05:30:21     17.2    20653215      297    69.0%    296.3     0.3%     2.8%     1.0%     0.0%    27.1%     0.0%
Nov 09 05:31:22     17.4    21197366      297    69.0%    296.3     0.3%     2.8%     1.0%     0.0%    27.1%     0.0%
Nov 09 05:32:49     17.2    21378721      297    69.0%    296.3     0.3%     2.8%     1.0%     0.0%    27.1%     0.0%
Nov 09 05:34:02     17.5    22013512      297    69.1%    296.3     0.3%     2.8%     1.0%     0.0%    27.1%     0.0%
Nov 09 05:35:13     17.3    22104207      297    69.1%    296.3     0.3%     2.8%     1.0%     0.0%    27.1%     0.0%
Nov 09 05:36:34     17.5    22739078      297    69.1%    296.3     0.3%     2.8%     1.0%     0.0%    27.1%     0.0%
Nov 09 05:37:39     17.3    22829763      297    69.1%    296.3     0.3%     2.8%     1.0%     0.0%    27.1%     0.0%
Nov 09 05:38:40     17.5    23373931      297    69.0%    296.3     0.3%     2.8%     1.0%     0.0%    27.1%     0.0%
Nov 09 05:40:00     17.3    23555327      297    69.0%    296.3     0.3%     2.8%     1.0%     0.0%    27.1%     0.0%
Nov 09 05:41:07     17.5    24099405      297    69.0%    296.3     0.3%     2.8%     1.0%     0.0%    27.1%     0.0%
Nov 09 05:42:21     17.4    24328913      297    69.1%    296.3     0.3%     2.8%     1.0%     0.0%    27.1%     0.0%
Nov 09 05:43:57     17.1    24419591      297    69.1%    296.3     0.3%     2.8%     1.0%     0.0%    27.1%     0.0%
ALL DONE!
