                                 Started job on |	Nov 09 04:18:22
                             Started mapping on |	Nov 09 04:18:25
                                    Finished on |	Nov 09 05:43:57
       Mapping speed, Million of reads per hour |	17.13

                          Number of input reads |	24419591
                      Average input read length |	297
                                    UNIQUE READS:
                   Uniquely mapped reads number |	16862122
                        Uniquely mapped reads % |	69.05%
                          Average mapped length |	296.27
                       Number of splices: Total |	11227213
            Number of splices: Annotated (sjdb) |	11028761
                       Number of splices: GT/AG |	11052051
                       Number of splices: GC/AG |	129677
                       Number of splices: AT/AC |	10536
               Number of splices: Non-canonical |	34949
                      Mismatch rate per base, % |	0.29%
                         Deletion rate per base |	0.03%
                        Deletion average length |	2.56
                        Insertion rate per base |	0.03%
                       Insertion average length |	2.07
                             MULTI-MAPPING READS:
        Number of reads mapped to multiple loci |	683629
             % of reads mapped to multiple loci |	2.80%
        Number of reads mapped to too many loci |	241006
             % of reads mapped to too many loci |	0.99%
                                  UNMAPPED READS:
       % of reads unmapped: too many mismatches |	0.00%
                 % of reads unmapped: too short |	27.12%
                     % of reads unmapped: other |	0.05%
                                  CHIMERIC READS:
                       Number of chimeric reads |	0
                            % of chimeric reads |	0.00%
