           Time    Speed        Read     Read   Mapped   Mapped   Mapped   Mapped Unmapped Unmapped Unmapped Unmapped
                    M/hr      number   length   unique   length   MMrate    multi   multi+       MM    short    other
Nov 08 01:21:32      2.5       91692      298    74.6%    296.5     0.3%     2.2%     0.8%     0.0%    22.3%     0.0%
Nov 08 01:23:41     11.4      825309      298    74.4%    296.5     0.3%     2.1%     0.8%     0.0%    22.6%     0.0%
Nov 08 01:25:45     14.6     1556095      298    74.4%    296.5     0.3%     2.1%     0.8%     0.0%    22.6%     0.0%
Nov 08 01:27:51     16.1     2285215      298    74.4%    296.5     0.3%     2.1%     0.8%     0.0%    22.6%     0.0%
Nov 08 01:29:58     17.0     3014252      298    74.5%    296.5     0.3%     2.1%     0.8%     0.0%    22.6%     0.0%
Nov 08 01:32:03     17.7     3743364      298    74.5%    296.5     0.3%     2.1%     0.8%     0.0%    22.6%     0.0%
Nov 08 01:34:07     18.2     4472417      298    74.5%    296.5     0.3%     2.1%     0.8%     0.0%    22.6%     0.0%
Nov 08 01:36:15     18.5     5201500      298    74.5%    296.5     0.3%     2.1%     0.8%     0.0%    22.6%     0.0%
Nov 08 01:38:21     18.7     5930593      298    74.5%    296.5     0.3%     2.1%     0.8%     0.0%    22.6%     0.0%
Nov 08 01:40:28     18.9     6659633      298    74.4%    296.5     0.3%     2.1%     0.8%     0.0%    22.6%     0.0%
Nov 08 01:42:35     19.1     7388719      298    74.4%    296.5     0.3%     2.1%     0.8%     0.0%    22.6%     0.0%
Nov 08 01:43:35     19.9     8026694      298    74.4%    296.5     0.3%     2.1%     0.8%     0.0%    22.6%     0.0%
Nov 08 01:44:41     19.2     8117845      298    74.4%    296.5     0.3%     2.1%     0.8%     0.0%    22.6%     0.0%
Nov 08 01:45:45     19.9     8755769      298    74.4%    296.5     0.3%     2.1%     0.8%     0.0%    22.6%     0.0%
Nov 08 01:46:45     19.4     8846913      298    74.4%    296.5     0.3%     2.1%     0.8%     0.0%    22.6%     0.0%
Nov 08 01:47:59     19.9     9484943      298    74.4%    296.5     0.3%     2.1%     0.8%     0.0%    22.6%     0.0%
Nov 08 01:49:04     19.5     9667232      298    74.4%    296.5     0.3%     2.1%     0.8%     0.0%    22.6%     0.0%
Nov 08 01:50:11     19.9    10212776      298    74.4%    296.5     0.3%     2.1%     0.8%     0.0%    22.6%     0.0%
Nov 08 01:51:12     19.6    10393953      298    74.4%    296.5     0.3%     2.1%     0.8%     0.0%    22.6%     0.0%
Nov 08 01:52:24     19.9    10937607      298    74.4%    296.5     0.3%     2.1%     0.8%     0.0%    22.6%     0.0%
Nov 08 01:53:30     19.9    11300003      298    74.4%    296.5     0.3%     2.1%     0.8%     0.0%    22.6%     0.0%
Nov 08 01:54:35     19.9    11662372      298    74.4%    296.5     0.3%     2.1%     0.8%     0.0%    22.6%     0.0%
Nov 08 01:55:36     19.9    12024743      298    74.4%    296.5     0.3%     2.1%     0.8%     0.0%    22.6%     0.0%
Nov 08 01:56:48     19.8    12387056      298    74.4%    296.5     0.3%     2.1%     0.8%     0.0%    22.6%     0.0%
Nov 08 01:57:51     20.2    12930488      298    74.4%    296.5     0.3%     2.1%     0.8%     0.0%    22.7%     0.0%
Nov 08 01:58:58     19.9    13111630      298    74.4%    296.5     0.3%     2.1%     0.8%     0.0%    22.7%     0.0%
Nov 08 02:00:02     20.3    13745704      298    74.4%    296.5     0.3%     2.1%     0.8%     0.0%    22.7%     0.0%
Nov 08 02:01:08     19.9    13836286      298    74.4%    296.5     0.3%     2.1%     0.8%     0.0%    22.7%     0.0%
Nov 08 02:02:11     20.3    14470322      298    74.4%    296.5     0.3%     2.1%     0.8%     0.0%    22.7%     0.0%
Nov 08 02:03:23     19.8    14560888      298    74.4%    296.5     0.3%     2.1%     0.8%     0.0%    22.7%     0.0%
Nov 08 02:05:34     19.8    15285582      298    74.4%    296.5     0.3%     2.1%     0.8%     0.0%    22.7%     0.0%
Nov 08 02:07:45     19.8    16010178      298    74.4%    296.5     0.3%     2.1%     0.8%     0.0%    22.7%     0.0%
Nov 08 02:09:59     19.8    16734849      298    74.4%    296.5     0.3%     2.1%     0.8%     0.0%    22.6%     0.0%
Nov 08 02:12:08     19.8    17459554      298    74.4%    296.5     0.3%     2.1%     0.8%     0.0%    22.6%     0.0%
Nov 08 02:14:16     19.9    18184127      298    74.4%    296.5     0.3%     2.1%     0.8%     0.0%    22.6%     0.0%
Nov 08 02:16:25     19.9    18908757      298    74.4%    296.5     0.3%     2.1%     0.8%     0.0%    22.6%     0.0%
Nov 08 02:18:28     19.9    19633433      298    74.4%    296.5     0.3%     2.1%     0.8%     0.0%    22.6%     0.0%
Nov 08 02:20:36     19.9    20358131      298    74.4%    296.5     0.3%     2.1%     0.8%     0.0%    22.6%     0.0%
Nov 08 02:22:34     20.0    21082833      298    74.4%    296.5     0.3%     2.1%     0.8%     0.0%    22.6%     0.0%
Nov 08 02:24:36     20.1    21807454      298    74.4%    296.5     0.3%     2.1%     0.8%     0.0%    22.6%     0.0%
Nov 08 02:26:08     19.9    22167131      298    74.4%    296.5     0.3%     2.1%     0.8%     0.0%    22.6%     0.0%
ALL DONE!
