                                 Started job on |	Nov 08 01:19:17
                             Started mapping on |	Nov 08 01:19:21
                                    Finished on |	Nov 08 02:26:08
       Mapping speed, Million of reads per hour |	19.92

                          Number of input reads |	22167131
                      Average input read length |	298
                                    UNIQUE READS:
                   Uniquely mapped reads number |	16486903
                        Uniquely mapped reads % |	74.38%
                          Average mapped length |	296.53
                       Number of splices: Total |	12387638
            Number of splices: Annotated (sjdb) |	12176136
                       Number of splices: GT/AG |	12197875
                       Number of splices: GC/AG |	141295
                       Number of splices: AT/AC |	11742
               Number of splices: Non-canonical |	36726
                      Mismatch rate per base, % |	0.33%
                         Deletion rate per base |	0.03%
                        Deletion average length |	2.64
                        Insertion rate per base |	0.02%
                       Insertion average length |	2.12
                             MULTI-MAPPING READS:
        Number of reads mapped to multiple loci |	469672
             % of reads mapped to multiple loci |	2.12%
        Number of reads mapped to too many loci |	185640
             % of reads mapped to too many loci |	0.84%
                                  UNMAPPED READS:
       % of reads unmapped: too many mismatches |	0.00%
                 % of reads unmapped: too short |	22.65%
                     % of reads unmapped: other |	0.02%
                                  CHIMERIC READS:
                       Number of chimeric reads |	0
                            % of chimeric reads |	0.00%
